/usr/local/opt/rbenv/versions/2.1.5/bin/ruby -r ./siteconf20160415-6347-1mm1cal.rb extconf.rb
checking for ffi_call() in -lffi... yes
checking for ffi_prep_closure()... yes
checking for ffi_raw_call()... yes
checking for ffi_prep_raw_closure()... yes
checking for rb_thread_blocking_region()... yes
checking for rb_thread_call_with_gvl()... yes
checking for rb_thread_call_without_gvl()... yes
checking for ffi_prep_cif_var()... yes
creating extconf.h
creating Makefile

make "DESTDIR=" clean

make "DESTDIR="
compiling StructByReference.c
compiling Pointer.c
compiling Platform.c
compiling Type.c
compiling ClosurePool.c
compiling LongDouble.c
compiling AbstractMemory.c
compiling DynamicLibrary.c
compiling StructByValue.c
compiling ffi.c
compiling DataConverter.c
compiling MappedType.c
compiling Variadic.c
compiling Thread.c
compiling MemoryPointer.c
compiling Call.c
compiling Types.c
compiling LastError.c
compiling MethodHandle.c
compiling Buffer.c
compiling Struct.c
compiling FunctionInfo.c
compiling Function.c
compiling StructLayout.c
compiling ArrayType.c
linking shared-object ffi_c.so

make "DESTDIR=" install
/usr/bin/install -c -m 0755 ffi_c.so ./.gem.20160415-6347-2b1oew
installing default ffi_c libraries
